生成启动时间为 2017/6/21 17:07:56。
     1>项目“E:\Wangxh\text-detection\TextDetection 11.2.vcxproj”在节点 2 上(Build 个目标)。
     1>ClCompile:
         D:\vs2013\VC\bin\CL.exe /c /ZI /nologo /W3 /WX- /sdl /Od /Oy- /D WIN32 /D _DEBUG /D _CONSOLE /D _LIB /D _CRT_SECURE_NO_WARNINGS /D _UNICODE /D UNICODE /Gm /EHsc /RTC1 /MDd /GS /fp:precise /Zc:wchar_t /Zc:forScope /Fo"Debug\\" /Fd"Debug\vc120.pdb" /Gd /TP /analyze- /errorReport:prompt demo.cpp Fmeasure.cpp groundDetect.cpp linkCandidate.cpp mserGetCandidate.cpp polyGroundTruth.cpp swt1.cpp swtGetCandidate.cpp textDetection.cpp textRecognition.cpp textSegmentation.cpp tools.cpp
         tools.cpp
     1>e:\wangxh\text-detection\tools.cpp(12): warning C4018: “<”: 有符号/无符号不匹配
         textSegmentation.cpp
         textRecognition.cpp
         textDetection.cpp
         swtGetCandidate.cpp
     1>e:\wangxh\text-detection\swtgetcandidate.cpp(25): warning C4018: “<”: 有符号/无符号不匹配
     1>e:\wangxh\text-detection\swtgetcandidate.cpp(34): warning C4018: “<”: 有符号/无符号不匹配
         swt1.cpp
     1>e:\wangxh\text-detection\swt1.cpp(50): warning C4018: “<”: 有符号/无符号不匹配
     1>e:\wangxh\text-detection\swt1.cpp(59): warning C4018: “<”: 有符号/无符号不匹配
     1>e:\wangxh\text-detection\swt1.cpp(83): warning C4305: “初始化”: 从“double”到“float”截断
     1>e:\wangxh\text-detection\swt1.cpp(98): warning C4244: “初始化”: 从“double”转换到“float”，可能丢失数据
     1>e:\wangxh\text-detection\swt1.cpp(99): warning C4244: “初始化”: 从“double”转换到“float”，可能丢失数据
     1>e:\wangxh\text-detection\swt1.cpp(239): warning C4244: “=”: 从“float”转换到“int”，可能丢失数据
     1>e:\wangxh\text-detection\swt1.cpp(264): warning C4244: “+=”: 从“double”转换到“float”，可能丢失数据
         polyGroundTruth.cpp
     1>e:\wangxh\text-detection\polygroundtruth.cpp(9): warning C4244: “参数”: 从“double”转换到“int”，可能丢失数据
     1>e:\wangxh\text-detection\polygroundtruth.cpp(11): warning C4244: “参数”: 从“double”转换到“int”，可能丢失数据
         mserGetCandidate.cpp
     1>e:\wangxh\text-detection\msergetcandidate.cpp(61): warning C4018: “<”: 有符号/无符号不匹配
     1>e:\wangxh\text-detection\msergetcandidate.cpp(95): warning C4018: “<”: 有符号/无符号不匹配
     1>e:\wangxh\text-detection\msergetcandidate.cpp(106): warning C4018: “<”: 有符号/无符号不匹配
     1>e:\wangxh\text-detection\msergetcandidate.cpp(113): warning C4018: “<”: 有符号/无符号不匹配
     1>e:\wangxh\text-detection\msergetcandidate.cpp(141): warning C4018: “<”: 有符号/无符号不匹配
         linkCandidate.cpp
     1>e:\wangxh\text-detection\linkcandidate.cpp(42): warning C4018: “<”: 有符号/无符号不匹配
     1>e:\wangxh\text-detection\linkcandidate.cpp(44): warning C4018: “<”: 有符号/无符号不匹配
     1>e:\wangxh\text-detection\linkcandidate.cpp(50): warning C4244: “初始化”: 从“double”转换到“float”，可能丢失数据
     1>e:\wangxh\text-detection\linkcandidate.cpp(53): warning C4244: “初始化”: 从“double”转换到“float”，可能丢失数据
     1>e:\wangxh\text-detection\linkcandidate.cpp(67): warning C4244: “初始化”: 从“double”转换到“float”，可能丢失数据
     1>e:\wangxh\text-detection\linkcandidate.cpp(68): warning C4244: “初始化”: 从“double”转换到“float”，可能丢失数据
     1>e:\wangxh\text-detection\linkcandidate.cpp(94): warning C4305: “初始化”: 从“double”到“const float”截断
     1>e:\wangxh\text-detection\linkcandidate.cpp(130): warning C4244: “初始化”: 从“double”转换到“float”，可能丢失数据
     1>e:\wangxh\text-detection\linkcandidate.cpp(131): warning C4244: “初始化”: 从“double”转换到“float”，可能丢失数据
     1>e:\wangxh\text-detection\linkcandidate.cpp(175): warning C4244: “初始化”: 从“double”转换到“float”，可能丢失数据
     1>e:\wangxh\text-detection\linkcandidate.cpp(176): warning C4244: “初始化”: 从“double”转换到“float”，可能丢失数据
     1>e:\wangxh\text-detection\linkcandidate.cpp(220): warning C4244: “初始化”: 从“double”转换到“float”，可能丢失数据
     1>e:\wangxh\text-detection\linkcandidate.cpp(221): warning C4244: “初始化”: 从“double”转换到“float”，可能丢失数据
     1>e:\wangxh\text-detection\linkcandidate.cpp(266): warning C4244: “初始化”: 从“double”转换到“float”，可能丢失数据
     1>e:\wangxh\text-detection\linkcandidate.cpp(267): warning C4244: “初始化”: 从“double”转换到“float”，可能丢失数据
     1>e:\wangxh\text-detection\linkcandidate.cpp(326): warning C4244: “参数”: 从“double”转换到“int”，可能丢失数据
     1>e:\wangxh\text-detection\linkcandidate.cpp(327): warning C4244: “参数”: 从“double”转换到“int”，可能丢失数据
         groundDetect.cpp
     1>e:\wangxh\text-detection\grounddetect.cpp(15): warning C4018: “<”: 有符号/无符号不匹配
     1>e:\wangxh\text-detection\grounddetect.cpp(23): warning C4018: “<”: 有符号/无符号不匹配
     1>e:\wangxh\text-detection\grounddetect.cpp(36): warning C4018: “<”: 有符号/无符号不匹配
     1>e:\wangxh\text-detection\grounddetect.cpp(54): warning C4244: “初始化”: 从“int”转换到“float”，可能丢失数据
     1>e:\wangxh\text-detection\grounddetect.cpp(55): warning C4244: “初始化”: 从“int”转换到“float”，可能丢失数据
     1>e:\wangxh\text-detection\grounddetect.cpp(98): warning C4018: “<”: 有符号/无符号不匹配
         Fmeasure.cpp
     1>e:\wangxh\text-detection\fmeasure.cpp(26): warning C4018: “<”: 有符号/无符号不匹配
     1>e:\wangxh\text-detection\fmeasure.cpp(29): warning C4018: “<”: 有符号/无符号不匹配
     1>e:\wangxh\text-detection\fmeasure.cpp(51): warning C4018: “<”: 有符号/无符号不匹配
     1>e:\wangxh\text-detection\fmeasure.cpp(54): warning C4018: “<”: 有符号/无符号不匹配
         demo.cpp
         正在生成代码...
       Link:
         D:\vs2013\VC\bin\link.exe /ERRORREPORT:PROMPT /OUT:"E:\Wangxh\text-detection\Debug\TextDetection 11.2.exe" /INCREMENTAL /NOLOGO opencv_calib3d249d.lib opencv_contrib249d.lib opencv_core249d.lib opencv_features2d249d.lib opencv_flann249d.lib opencv_gpu249d.lib opencv_highgui249d.lib opencv_imgproc249d.lib opencv_legacy249d.lib opencv_ml249d.lib opencv_nonfree249d.lib opencv_objdetect249d.lib opencv_ocl249d.lib opencv_photo249d.lib opencv_stitching249d.lib opencv_superres249d.lib opencv_ts249d.lib opencv_video249d.lib opencv_videostab249d.lib opencv_calib3d249.lib opencv_contrib249.lib opencv_core249.lib opencv_features2d249.lib opencv_flann249.lib opencv_gpu249.lib opencv_highgui249.lib opencv_imgproc249.lib opencv_legacy249.lib opencv_ml249.lib opencv_nonfree249.lib opencv_objdetect249.lib opencv_ocl249.lib opencv_photo249.lib opencv_stitching249.lib opencv_superres249.lib opencv_ts249.lib opencv_video249.lib opencv_videostab249.lib "giflib416-static-mtdll.lib" "giflib416-static-mtdll-debug.lib" jpeg.lib "libjpeg8c-static-mtdll.lib" "libjpeg8c-static-mtdll-debug.lib" liblept168.lib liblept168d.lib "liblept168-static-mtdll.lib" "liblept168-static-mtdll-debug.lib" libpng.lib "libpng143-static-mtdll.lib" "libpng143-static-mtdll-debug.lib" libtesseract302.lib libtesseract302d.lib libtiff.lib "libtiff394-static-mtdll.lib" "libtiff394-static-mtdll-debug.lib" "zlib125-static-mtdll.lib" "zlib125-static-mtdll-debug.lib" zlibstat.lib kernel32.lib user32.lib gdi32.lib winspool.lib comdlg32.lib advapi32.lib shell32.lib ole32.lib oleaut32.lib uuid.lib odbc32.lib odbccp32.lib /MANIFEST /MANIFESTUAC:"level='asInvoker' uiAccess='false'" /manifest:embed /DEBUG /PDB:"E:\Wangxh\text-detection\Debug\TextDetection 11.2.pdb" /SUBSYSTEM:CONSOLE /TLBID:1 /DYNAMICBASE /NXCOMPAT /IMPLIB:"E:\Wangxh\text-detection\Debug\TextDetection 11.2.lib" /MACHINE:X86 Debug\demo.obj
         Debug\Fmeasure.obj
         Debug\groundDetect.obj
         Debug\linkCandidate.obj
         Debug\mserGetCandidate.obj
         Debug\polyGroundTruth.obj
         Debug\swt1.obj
         Debug\swtGetCandidate.obj
         Debug\textDetection.obj
         Debug\textRecognition.obj
         Debug\textSegmentation.obj
         Debug\tools.obj
         TextDetection 11.2.vcxproj -> E:\Wangxh\text-detection\Debug\TextDetection 11.2.exe
     1>已完成生成项目“E:\Wangxh\text-detection\TextDetection 11.2.vcxproj”(Build 个目标)的操作。

生成成功。

已用时间 00:00:10.52
